2022-10-03T14:09:16.611+0900 [INFO]  Terraform version: 1.3.1
2022-10-03T14:09:16.612+0900 [DEBUG] using github.com/hashicorp/go-tfe v1.9.0
2022-10-03T14:09:16.612+0900 [DEBUG] using github.com/hashicorp/hcl/v2 v2.14.1
2022-10-03T14:09:16.612+0900 [DEBUG] using github.com/hashicorp/terraform-config-inspect v0.0.0-20210209133302-4fd17a0faac2
2022-10-03T14:09:16.612+0900 [DEBUG] using github.com/hashicorp/terraform-svchost v0.0.0-20200729002733-f050f53b9734
2022-10-03T14:09:16.612+0900 [DEBUG] using github.com/zclconf/go-cty v1.11.0
2022-10-03T14:09:16.612+0900 [INFO]  Go runtime version: go1.19.1
2022-10-03T14:09:16.612+0900 [INFO]  CLI args: []string{"/usr/local/Cellar/tfenv/3.0.0/versions/1.3.1/terraform", "apply"}
2022-10-03T14:09:16.612+0900 [DEBUG] Attempting to open CLI config file: /Users/kyohei/.terraformrc
2022-10-03T14:09:16.613+0900 [DEBUG] File doesn't exist, but doesn't need to. Ignoring.
2022-10-03T14:09:16.614+0900 [INFO]  Loading CLI configuration from /Users/kyohei/.terraform.d/credentials.tfrc.json
2022-10-03T14:09:16.616+0900 [DEBUG] ignoring non-existing provider search directory terraform.d/plugins
2022-10-03T14:09:16.617+0900 [DEBUG] ignoring non-existing provider search directory /Users/kyohei/.terraform.d/plugins
2022-10-03T14:09:16.617+0900 [DEBUG] ignoring non-existing provider search directory /Users/kyohei/Library/Application Support/io.terraform/plugins
2022-10-03T14:09:16.617+0900 [DEBUG] ignoring non-existing provider search directory /Library/Application Support/io.terraform/plugins
2022-10-03T14:09:16.619+0900 [INFO]  CLI command args: []string{"apply"}
2022-10-03T14:09:16.639+0900 [DEBUG] New state was assigned lineage "8aac268f-8de4-5f5b-1c81-ccde62597457"
2022-10-03T14:09:16.749+0900 [DEBUG] checking for provisioner in "."
2022-10-03T14:09:16.750+0900 [DEBUG] checking for provisioner in "/usr/local/Cellar/tfenv/3.0.0/versions/1.3.1"
2022-10-03T14:09:16.756+0900 [INFO]  backend/local: starting Apply operation
2022-10-03T14:09:16.777+0900 [DEBUG] created provider logger: level=debug
2022-10-03T14:09:16.778+0900 [INFO]  provider: configuring client automatic mTLS
2022-10-03T14:09:16.805+0900 [DEBUG] provider: starting plugin: path=.terraform/providers/registry.terraform.io/kyma-incubator/kind/0.0.11/darwin_amd64/terraform-provider-kind args=[.terraform/providers/registry.terraform.io/kyma-incubator/kind/0.0.11/darwin_amd64/terraform-provider-kind]
2022-10-03T14:09:16.808+0900 [DEBUG] provider: plugin started: path=.terraform/providers/registry.terraform.io/kyma-incubator/kind/0.0.11/darwin_amd64/terraform-provider-kind pid=33379
2022-10-03T14:09:16.825+0900 [DEBUG] provider: waiting for RPC address: path=.terraform/providers/registry.terraform.io/kyma-incubator/kind/0.0.11/darwin_amd64/terraform-provider-kind
2022-10-03T14:09:16.842+0900 [INFO]  provider.terraform-provider-kind: configuring server automatic mTLS: timestamp=2022-10-03T14:09:16.841+0900
2022-10-03T14:09:16.916+0900 [DEBUG] provider: using plugin: version=5
2022-10-03T14:09:16.916+0900 [DEBUG] provider.terraform-provider-kind: plugin address: address=/var/folders/xy/l384hcrj0sb8c2t3vqwsy7br0000gn/T/plugin080008406 network=unix timestamp=2022-10-03T14:09:16.916+0900
2022-10-03T14:09:16.956+0900 [DEBUG] No provider meta schema returned
2022-10-03T14:09:16.957+0900 [DEBUG] provider.stdio: received EOF, stopping recv loop: err="rpc error: code = Unavailable desc = error reading from server: EOF"
2022-10-03T14:09:16.959+0900 [DEBUG] provider: plugin process exited: path=.terraform/providers/registry.terraform.io/kyma-incubator/kind/0.0.11/darwin_amd64/terraform-provider-kind pid=33379
2022-10-03T14:09:16.959+0900 [DEBUG] provider: plugin exited
2022-10-03T14:09:16.959+0900 [DEBUG] Building and walking validate graph
2022-10-03T14:09:16.962+0900 [DEBUG] ProviderTransformer: "kind_cluster.default" (*terraform.NodeValidatableResource) needs provider["registry.terraform.io/kyma-incubator/kind"]
2022-10-03T14:09:16.963+0900 [DEBUG] ReferenceTransformer: "kind_cluster.default" references: []
2022-10-03T14:09:16.963+0900 [DEBUG] ReferenceTransformer: "provider[\"registry.terraform.io/kyma-incubator/kind\"]" references: []
2022-10-03T14:09:16.963+0900 [DEBUG] Starting graph walk: walkValidate
2022-10-03T14:09:16.968+0900 [DEBUG] created provider logger: level=debug
2022-10-03T14:09:16.968+0900 [INFO]  provider: configuring client automatic mTLS
2022-10-03T14:09:16.977+0900 [DEBUG] provider: starting plugin: path=.terraform/providers/registry.terraform.io/kyma-incubator/kind/0.0.11/darwin_amd64/terraform-provider-kind args=[.terraform/providers/registry.terraform.io/kyma-incubator/kind/0.0.11/darwin_amd64/terraform-provider-kind]
2022-10-03T14:09:16.981+0900 [DEBUG] provider: plugin started: path=.terraform/providers/registry.terraform.io/kyma-incubator/kind/0.0.11/darwin_amd64/terraform-provider-kind pid=33380
2022-10-03T14:09:16.981+0900 [DEBUG] provider: waiting for RPC address: path=.terraform/providers/registry.terraform.io/kyma-incubator/kind/0.0.11/darwin_amd64/terraform-provider-kind
2022-10-03T14:09:16.997+0900 [INFO]  provider.terraform-provider-kind: configuring server automatic mTLS: timestamp=2022-10-03T14:09:16.997+0900
2022-10-03T14:09:17.033+0900 [DEBUG] provider: using plugin: version=5
2022-10-03T14:09:17.033+0900 [DEBUG] provider.terraform-provider-kind: plugin address: address=/var/folders/xy/l384hcrj0sb8c2t3vqwsy7br0000gn/T/plugin659109243 network=unix timestamp=2022-10-03T14:09:17.033+0900
2022-10-03T14:09:17.066+0900 [DEBUG] No provider meta schema returned
2022-10-03T14:09:17.075+0900 [DEBUG] provider.stdio: received EOF, stopping recv loop: err="rpc error: code = Unavailable desc = error reading from server: EOF"
2022-10-03T14:09:17.076+0900 [DEBUG] provider: plugin process exited: path=.terraform/providers/registry.terraform.io/kyma-incubator/kind/0.0.11/darwin_amd64/terraform-provider-kind pid=33380
2022-10-03T14:09:17.076+0900 [DEBUG] provider: plugin exited
2022-10-03T14:09:17.077+0900 [INFO]  backend/local: apply calling Plan
2022-10-03T14:09:17.077+0900 [DEBUG] Building and walking plan graph for NormalMode
2022-10-03T14:09:17.078+0900 [DEBUG] ProviderTransformer: "kind_cluster.default (expand)" (*terraform.nodeExpandPlannableResource) needs provider["registry.terraform.io/kyma-incubator/kind"]
2022-10-03T14:09:17.078+0900 [DEBUG] ReferenceTransformer: "provider[\"registry.terraform.io/kyma-incubator/kind\"]" references: []
2022-10-03T14:09:17.078+0900 [DEBUG] ReferenceTransformer: "kind_cluster.default (expand)" references: []
2022-10-03T14:09:17.078+0900 [DEBUG] Starting graph walk: walkPlan
2022-10-03T14:09:17.079+0900 [DEBUG] created provider logger: level=debug
2022-10-03T14:09:17.079+0900 [INFO]  provider: configuring client automatic mTLS
2022-10-03T14:09:17.086+0900 [DEBUG] provider: starting plugin: path=.terraform/providers/registry.terraform.io/kyma-incubator/kind/0.0.11/darwin_amd64/terraform-provider-kind args=[.terraform/providers/registry.terraform.io/kyma-incubator/kind/0.0.11/darwin_amd64/terraform-provider-kind]
2022-10-03T14:09:17.089+0900 [DEBUG] provider: plugin started: path=.terraform/providers/registry.terraform.io/kyma-incubator/kind/0.0.11/darwin_amd64/terraform-provider-kind pid=33381
2022-10-03T14:09:17.089+0900 [DEBUG] provider: waiting for RPC address: path=.terraform/providers/registry.terraform.io/kyma-incubator/kind/0.0.11/darwin_amd64/terraform-provider-kind
2022-10-03T14:09:17.104+0900 [INFO]  provider.terraform-provider-kind: configuring server automatic mTLS: timestamp=2022-10-03T14:09:17.104+0900
2022-10-03T14:09:17.144+0900 [DEBUG] provider: using plugin: version=5
2022-10-03T14:09:17.144+0900 [DEBUG] provider.terraform-provider-kind: plugin address: network=unix address=/var/folders/xy/l384hcrj0sb8c2t3vqwsy7br0000gn/T/plugin185984712 timestamp=2022-10-03T14:09:17.144+0900
2022-10-03T14:09:17.198+0900 [DEBUG] No provider meta schema returned
2022-10-03T14:09:17.203+0900 [DEBUG] Resource instance state not found for node "kind_cluster.default", instance kind_cluster.default
2022-10-03T14:09:17.203+0900 [DEBUG] ReferenceTransformer: "kind_cluster.default" references: []
2022-10-03T14:09:17.204+0900 [DEBUG] refresh: kind_cluster.default: no state, so not refreshing
2022-10-03T14:09:17.209+0900 [DEBUG] provider.stdio: received EOF, stopping recv loop: err="rpc error: code = Unavailable desc = error reading from server: EOF"
2022-10-03T14:09:17.211+0900 [DEBUG] provider: plugin process exited: path=.terraform/providers/registry.terraform.io/kyma-incubator/kind/0.0.11/darwin_amd64/terraform-provider-kind pid=33381
2022-10-03T14:09:17.211+0900 [DEBUG] provider: plugin exited
2022-10-03T14:09:17.211+0900 [DEBUG] building apply graph to check for errors
2022-10-03T14:09:17.212+0900 [DEBUG] Resource state not found for node "kind_cluster.default", instance kind_cluster.default
2022-10-03T14:09:17.212+0900 [DEBUG] ProviderTransformer: "kind_cluster.default" (*terraform.NodeApplyableResourceInstance) needs provider["registry.terraform.io/kyma-incubator/kind"]
2022-10-03T14:09:17.212+0900 [DEBUG] ProviderTransformer: "kind_cluster.default (expand)" (*terraform.nodeExpandApplyableResource) needs provider["registry.terraform.io/kyma-incubator/kind"]
2022-10-03T14:09:17.212+0900 [DEBUG] ReferenceTransformer: "provider[\"registry.terraform.io/kyma-incubator/kind\"]" references: []
2022-10-03T14:09:17.212+0900 [DEBUG] ReferenceTransformer: "kind_cluster.default (expand)" references: []
2022-10-03T14:09:17.212+0900 [DEBUG] ReferenceTransformer: "kind_cluster.default" references: []
2022-10-03T14:09:17.213+0900 [DEBUG] command: asking for input: "\nDo you want to perform these actions?"
2022-10-03T14:09:30.563+0900 [INFO]  backend/local: apply calling Apply
2022-10-03T14:09:30.563+0900 [DEBUG] Building and walking apply graph for NormalMode plan
2022-10-03T14:09:30.563+0900 [DEBUG] Resource state not found for node "kind_cluster.default", instance kind_cluster.default
2022-10-03T14:09:30.565+0900 [DEBUG] ProviderTransformer: "kind_cluster.default (expand)" (*terraform.nodeExpandApplyableResource) needs provider["registry.terraform.io/kyma-incubator/kind"]
2022-10-03T14:09:30.565+0900 [DEBUG] ProviderTransformer: "kind_cluster.default" (*terraform.NodeApplyableResourceInstance) needs provider["registry.terraform.io/kyma-incubator/kind"]
2022-10-03T14:09:30.566+0900 [DEBUG] ReferenceTransformer: "kind_cluster.default (expand)" references: []
2022-10-03T14:09:30.566+0900 [DEBUG] ReferenceTransformer: "kind_cluster.default" references: []
2022-10-03T14:09:30.566+0900 [DEBUG] ReferenceTransformer: "provider[\"registry.terraform.io/kyma-incubator/kind\"]" references: []
2022-10-03T14:09:30.566+0900 [DEBUG] Starting graph walk: walkApply
2022-10-03T14:09:30.566+0900 [DEBUG] created provider logger: level=debug
2022-10-03T14:09:30.566+0900 [INFO]  provider: configuring client automatic mTLS
2022-10-03T14:09:30.575+0900 [DEBUG] provider: starting plugin: path=.terraform/providers/registry.terraform.io/kyma-incubator/kind/0.0.11/darwin_amd64/terraform-provider-kind args=[.terraform/providers/registry.terraform.io/kyma-incubator/kind/0.0.11/darwin_amd64/terraform-provider-kind]
2022-10-03T14:09:30.580+0900 [DEBUG] provider: plugin started: path=.terraform/providers/registry.terraform.io/kyma-incubator/kind/0.0.11/darwin_amd64/terraform-provider-kind pid=33459
2022-10-03T14:09:30.580+0900 [DEBUG] provider: waiting for RPC address: path=.terraform/providers/registry.terraform.io/kyma-incubator/kind/0.0.11/darwin_amd64/terraform-provider-kind
2022-10-03T14:09:30.960+0900 [INFO]  provider.terraform-provider-kind: configuring server automatic mTLS: timestamp=2022-10-03T14:09:30.960+0900
2022-10-03T14:09:31.003+0900 [DEBUG] provider: using plugin: version=5
2022-10-03T14:09:31.003+0900 [DEBUG] provider.terraform-provider-kind: plugin address: address=/var/folders/xy/l384hcrj0sb8c2t3vqwsy7br0000gn/T/plugin512604518 network=unix timestamp=2022-10-03T14:09:31.002+0900
2022-10-03T14:09:31.046+0900 [DEBUG] No provider meta schema returned
2022-10-03T14:09:31.068+0900 [INFO]  Starting apply for kind_cluster.default
2022-10-03T14:09:31.068+0900 [DEBUG] kind_cluster.default: applying the planned Create change
2022-10-03T14:09:31.070+0900 [DEBUG] provider.terraform-provider-kind: 2022/10/03 14:09:31 Creating local Kubernetes cluster...
2022-10-03T14:09:31.070+0900 [DEBUG] provider.terraform-provider-kind: 2022/10/03 14:09:31 Using defined node_image: kindest/node:v1.16.1
2022-10-03T14:09:31.070+0900 [DEBUG] provider.terraform-provider-kind: 2022/10/03 14:09:31 Will wait for cluster nodes to report ready: true
2022-10-03T14:09:31.070+0900 [DEBUG] provider.terraform-provider-kind: 2022/10/03 14:09:31 =================== Creating Kind Cluster ==================
2022-10-03T14:09:32.892+0900 [WARN]  unexpected data: registry.terraform.io/kyma-incubator/kind:stderr="Creating cluster "practice-cluster" ..."
2022-10-03T14:09:32.892+0900 [WARN]  unexpected data: registry.terraform.io/kyma-incubator/kind:stderr="• Ensuring node image (kindest/node:v1.16.1) 🖼  ..."
2022-10-03T14:09:33.058+0900 [WARN]  unexpected data: registry.terraform.io/kyma-incubator/kind:stderr="✓ Ensuring node image (kindest/node:v1.16.1) 🖼
 • Preparing nodes 📦   ..."
2022-10-03T14:09:36.994+0900 [WARN]  unexpected data: registry.terraform.io/kyma-incubator/kind:stderr="✓ Preparing nodes 📦"
2022-10-03T14:09:37.186+0900 [WARN]  unexpected data: registry.terraform.io/kyma-incubator/kind:stderr="• Writing configuration 📜  ..."
2022-10-03T14:09:38.408+0900 [WARN]  unexpected data: registry.terraform.io/kyma-incubator/kind:stderr="✓ Writing configuration 📜
 • Starting control-plane 🕹️  ..."
2022-10-03T14:11:37.277+0900 [WARN]  unexpected data: registry.terraform.io/kyma-incubator/kind:stderr="✗ Starting control-plane 🕹️"
2022-10-03T14:11:38.014+0900 [ERROR] vertex "kind_cluster.default" error: failed to init node with kubeadm: command "docker exec --privileged practice-cluster-control-plane kubeadm init --skip-phases=preflight --config=/kind/kubeadm.conf --skip-token-print --v=6" failed with error: exit status 1
2022-10-03T14:11:38.044+0900 [DEBUG] provider: plugin process exited: path=.terraform/providers/registry.terraform.io/kyma-incubator/kind/0.0.11/darwin_amd64/terraform-provider-kind pid=33459
2022-10-03T14:11:38.044+0900 [DEBUG] provider.stdio: received EOF, stopping recv loop: err="rpc error: code = Canceled desc = context canceled"
2022-10-03T14:11:38.044+0900 [DEBUG] provider: plugin exited
2022-10-03T14:15:45.884+0900 [INFO]  Terraform version: 1.3.1
2022-10-03T14:15:45.887+0900 [DEBUG] using github.com/hashicorp/go-tfe v1.9.0
2022-10-03T14:15:45.887+0900 [DEBUG] using github.com/hashicorp/hcl/v2 v2.14.1
2022-10-03T14:15:45.887+0900 [DEBUG] using github.com/hashicorp/terraform-config-inspect v0.0.0-20210209133302-4fd17a0faac2
2022-10-03T14:15:45.887+0900 [DEBUG] using github.com/hashicorp/terraform-svchost v0.0.0-20200729002733-f050f53b9734
2022-10-03T14:15:45.887+0900 [DEBUG] using github.com/zclconf/go-cty v1.11.0
2022-10-03T14:15:45.887+0900 [INFO]  Go runtime version: go1.19.1
2022-10-03T14:15:45.887+0900 [INFO]  CLI args: []string{"/usr/local/Cellar/tfenv/3.0.0/versions/1.3.1/terraform", "apply"}
2022-10-03T14:15:45.887+0900 [DEBUG] Attempting to open CLI config file: /Users/kyohei/.terraformrc
2022-10-03T14:15:45.887+0900 [DEBUG] File doesn't exist, but doesn't need to. Ignoring.
2022-10-03T14:15:45.887+0900 [INFO]  Loading CLI configuration from /Users/kyohei/.terraform.d/credentials.tfrc.json
2022-10-03T14:15:45.887+0900 [DEBUG] ignoring non-existing provider search directory terraform.d/plugins
2022-10-03T14:15:45.887+0900 [DEBUG] ignoring non-existing provider search directory /Users/kyohei/.terraform.d/plugins
2022-10-03T14:15:45.887+0900 [DEBUG] ignoring non-existing provider search directory /Users/kyohei/Library/Application Support/io.terraform/plugins
2022-10-03T14:15:45.887+0900 [DEBUG] ignoring non-existing provider search directory /Library/Application Support/io.terraform/plugins
2022-10-03T14:15:45.889+0900 [INFO]  CLI command args: []string{"apply"}
2022-10-03T14:15:45.893+0900 [DEBUG] New state was assigned lineage "a9a5204d-1c8b-3ef0-e328-dd0f4f5583d8"
2022-10-03T14:15:45.964+0900 [DEBUG] checking for provisioner in "."
2022-10-03T14:15:45.964+0900 [DEBUG] checking for provisioner in "/usr/local/Cellar/tfenv/3.0.0/versions/1.3.1"
2022-10-03T14:15:45.965+0900 [INFO]  backend/local: starting Apply operation
2022-10-03T14:15:45.969+0900 [DEBUG] created provider logger: level=debug
2022-10-03T14:15:45.969+0900 [INFO]  provider: configuring client automatic mTLS
2022-10-03T14:15:45.987+0900 [DEBUG] provider: starting plugin: path=.terraform/providers/registry.terraform.io/kyma-incubator/kind/0.0.11/darwin_amd64/terraform-provider-kind args=[.terraform/providers/registry.terraform.io/kyma-incubator/kind/0.0.11/darwin_amd64/terraform-provider-kind]
2022-10-03T14:15:45.992+0900 [DEBUG] provider: plugin started: path=.terraform/providers/registry.terraform.io/kyma-incubator/kind/0.0.11/darwin_amd64/terraform-provider-kind pid=35862
2022-10-03T14:15:45.992+0900 [DEBUG] provider: waiting for RPC address: path=.terraform/providers/registry.terraform.io/kyma-incubator/kind/0.0.11/darwin_amd64/terraform-provider-kind
2022-10-03T14:15:46.007+0900 [INFO]  provider.terraform-provider-kind: configuring server automatic mTLS: timestamp=2022-10-03T14:15:46.007+0900
2022-10-03T14:15:46.042+0900 [DEBUG] provider: using plugin: version=5
2022-10-03T14:15:46.042+0900 [DEBUG] provider.terraform-provider-kind: plugin address: address=/var/folders/xy/l384hcrj0sb8c2t3vqwsy7br0000gn/T/plugin374775845 network=unix timestamp=2022-10-03T14:15:46.042+0900
2022-10-03T14:15:46.072+0900 [DEBUG] No provider meta schema returned
2022-10-03T14:15:46.073+0900 [DEBUG] provider.stdio: received EOF, stopping recv loop: err="rpc error: code = Unavailable desc = error reading from server: EOF"
2022-10-03T14:15:46.074+0900 [DEBUG] provider: plugin process exited: path=.terraform/providers/registry.terraform.io/kyma-incubator/kind/0.0.11/darwin_amd64/terraform-provider-kind pid=35862
2022-10-03T14:15:46.074+0900 [DEBUG] provider: plugin exited
2022-10-03T14:15:46.074+0900 [DEBUG] Building and walking validate graph
2022-10-03T14:15:46.074+0900 [DEBUG] adding implicit provider configuration provider["registry.terraform.io/kyma-incubator/kind"], implied first by module.kind.kind_cluster.sample
2022-10-03T14:15:46.075+0900 [DEBUG] ProviderTransformer: "module.kind.kind_cluster.sample" (*terraform.NodeValidatableResource) needs provider["registry.terraform.io/kyma-incubator/kind"]
2022-10-03T14:15:46.075+0900 [DEBUG] ReferenceTransformer: "module.kind.kind_cluster.sample" references: []
2022-10-03T14:15:46.075+0900 [DEBUG] ReferenceTransformer: "provider[\"registry.terraform.io/kyma-incubator/kind\"]" references: []
2022-10-03T14:15:46.075+0900 [DEBUG] ReferenceTransformer: "module.kind (expand)" references: []
2022-10-03T14:15:46.075+0900 [DEBUG] ReferenceTransformer: "module.kind (close)" references: []
2022-10-03T14:15:46.075+0900 [DEBUG] Starting graph walk: walkValidate
2022-10-03T14:15:46.075+0900 [DEBUG] created provider logger: level=debug
2022-10-03T14:15:46.075+0900 [INFO]  provider: configuring client automatic mTLS
2022-10-03T14:15:46.082+0900 [DEBUG] provider: starting plugin: path=.terraform/providers/registry.terraform.io/kyma-incubator/kind/0.0.11/darwin_amd64/terraform-provider-kind args=[.terraform/providers/registry.terraform.io/kyma-incubator/kind/0.0.11/darwin_amd64/terraform-provider-kind]
2022-10-03T14:15:46.085+0900 [DEBUG] provider: plugin started: path=.terraform/providers/registry.terraform.io/kyma-incubator/kind/0.0.11/darwin_amd64/terraform-provider-kind pid=35863
2022-10-03T14:15:46.085+0900 [DEBUG] provider: waiting for RPC address: path=.terraform/providers/registry.terraform.io/kyma-incubator/kind/0.0.11/darwin_amd64/terraform-provider-kind
2022-10-03T14:15:46.101+0900 [INFO]  provider.terraform-provider-kind: configuring server automatic mTLS: timestamp=2022-10-03T14:15:46.101+0900
2022-10-03T14:15:46.135+0900 [DEBUG] provider: using plugin: version=5
2022-10-03T14:15:46.135+0900 [DEBUG] provider.terraform-provider-kind: plugin address: address=/var/folders/xy/l384hcrj0sb8c2t3vqwsy7br0000gn/T/plugin691744250 network=unix timestamp=2022-10-03T14:15:46.135+0900
2022-10-03T14:15:46.166+0900 [DEBUG] No provider meta schema returned
2022-10-03T14:15:46.167+0900 [DEBUG] provider.stdio: received EOF, stopping recv loop: err="rpc error: code = Unavailable desc = error reading from server: EOF"
2022-10-03T14:15:46.168+0900 [DEBUG] provider: plugin process exited: path=.terraform/providers/registry.terraform.io/kyma-incubator/kind/0.0.11/darwin_amd64/terraform-provider-kind pid=35863
2022-10-03T14:15:46.168+0900 [DEBUG] provider: plugin exited
2022-10-03T14:15:46.171+0900 [INFO]  backend/local: apply calling Plan
2022-10-03T14:15:46.171+0900 [DEBUG] Building and walking plan graph for NormalMode
2022-10-03T14:15:46.172+0900 [DEBUG] adding implicit provider configuration provider["registry.terraform.io/kyma-incubator/kind"], implied first by module.kind.kind_cluster.sample (expand)
2022-10-03T14:15:46.172+0900 [DEBUG] ProviderTransformer: "module.kind.kind_cluster.sample (expand)" (*terraform.nodeExpandPlannableResource) needs provider["registry.terraform.io/kyma-incubator/kind"]
2022-10-03T14:15:46.172+0900 [DEBUG] ReferenceTransformer: "module.kind.kind_cluster.sample (expand)" references: []
2022-10-03T14:15:46.172+0900 [DEBUG] ReferenceTransformer: "provider[\"registry.terraform.io/kyma-incubator/kind\"]" references: []
2022-10-03T14:15:46.172+0900 [DEBUG] ReferenceTransformer: "module.kind (expand)" references: []
2022-10-03T14:15:46.172+0900 [DEBUG] ReferenceTransformer: "module.kind (close)" references: []
2022-10-03T14:15:46.172+0900 [DEBUG] Starting graph walk: walkPlan
2022-10-03T14:15:46.173+0900 [DEBUG] created provider logger: level=debug
2022-10-03T14:15:46.173+0900 [INFO]  provider: configuring client automatic mTLS
2022-10-03T14:15:46.179+0900 [DEBUG] provider: starting plugin: path=.terraform/providers/registry.terraform.io/kyma-incubator/kind/0.0.11/darwin_amd64/terraform-provider-kind args=[.terraform/providers/registry.terraform.io/kyma-incubator/kind/0.0.11/darwin_amd64/terraform-provider-kind]
2022-10-03T14:15:46.182+0900 [DEBUG] provider: plugin started: path=.terraform/providers/registry.terraform.io/kyma-incubator/kind/0.0.11/darwin_amd64/terraform-provider-kind pid=35864
2022-10-03T14:15:46.182+0900 [DEBUG] provider: waiting for RPC address: path=.terraform/providers/registry.terraform.io/kyma-incubator/kind/0.0.11/darwin_amd64/terraform-provider-kind
2022-10-03T14:15:46.198+0900 [INFO]  provider.terraform-provider-kind: configuring server automatic mTLS: timestamp=2022-10-03T14:15:46.198+0900
2022-10-03T14:15:46.233+0900 [DEBUG] provider: using plugin: version=5
2022-10-03T14:15:46.233+0900 [DEBUG] provider.terraform-provider-kind: plugin address: address=/var/folders/xy/l384hcrj0sb8c2t3vqwsy7br0000gn/T/plugin277847055 network=unix timestamp=2022-10-03T14:15:46.233+0900
2022-10-03T14:15:46.262+0900 [DEBUG] No provider meta schema returned
2022-10-03T14:15:46.263+0900 [DEBUG] Resource instance state not found for node "module.kind.kind_cluster.sample", instance module.kind.kind_cluster.sample
2022-10-03T14:15:46.263+0900 [DEBUG] ReferenceTransformer: "module.kind.kind_cluster.sample" references: []
2022-10-03T14:15:46.264+0900 [DEBUG] refresh: module.kind.kind_cluster.sample: no state, so not refreshing
2022-10-03T14:15:46.266+0900 [DEBUG] provider.stdio: received EOF, stopping recv loop: err="rpc error: code = Unavailable desc = error reading from server: EOF"
2022-10-03T14:15:46.267+0900 [DEBUG] provider: plugin process exited: path=.terraform/providers/registry.terraform.io/kyma-incubator/kind/0.0.11/darwin_amd64/terraform-provider-kind pid=35864
2022-10-03T14:15:46.267+0900 [DEBUG] provider: plugin exited
2022-10-03T14:15:46.267+0900 [DEBUG] building apply graph to check for errors
2022-10-03T14:15:46.268+0900 [DEBUG] Resource state not found for node "module.kind.kind_cluster.sample", instance module.kind.kind_cluster.sample
2022-10-03T14:15:46.268+0900 [DEBUG] adding implicit provider configuration provider["registry.terraform.io/kyma-incubator/kind"], implied first by module.kind.kind_cluster.sample (expand)
2022-10-03T14:15:46.268+0900 [DEBUG] ProviderTransformer: "module.kind.kind_cluster.sample (expand)" (*terraform.nodeExpandApplyableResource) needs provider["registry.terraform.io/kyma-incubator/kind"]
2022-10-03T14:15:46.268+0900 [DEBUG] ProviderTransformer: "module.kind.kind_cluster.sample" (*terraform.NodeApplyableResourceInstance) needs provider["registry.terraform.io/kyma-incubator/kind"]
2022-10-03T14:15:46.268+0900 [DEBUG] ReferenceTransformer: "module.kind.kind_cluster.sample" references: []
2022-10-03T14:15:46.268+0900 [DEBUG] ReferenceTransformer: "provider[\"registry.terraform.io/kyma-incubator/kind\"]" references: []
2022-10-03T14:15:46.268+0900 [DEBUG] ReferenceTransformer: "module.kind (expand)" references: []
2022-10-03T14:15:46.268+0900 [DEBUG] ReferenceTransformer: "module.kind (close)" references: []
2022-10-03T14:15:46.268+0900 [DEBUG] ReferenceTransformer: "module.kind.kind_cluster.sample (expand)" references: []
2022-10-03T14:15:46.271+0900 [DEBUG] command: asking for input: "\nDo you want to perform these actions?"
2022-10-03T14:15:48.837+0900 [INFO]  backend/local: apply calling Apply
2022-10-03T14:15:48.837+0900 [DEBUG] Building and walking apply graph for NormalMode plan
2022-10-03T14:15:48.837+0900 [DEBUG] Resource state not found for node "module.kind.kind_cluster.sample", instance module.kind.kind_cluster.sample
2022-10-03T14:15:48.837+0900 [DEBUG] adding implicit provider configuration provider["registry.terraform.io/kyma-incubator/kind"], implied first by module.kind.kind_cluster.sample (expand)
2022-10-03T14:15:48.839+0900 [DEBUG] ProviderTransformer: "module.kind.kind_cluster.sample" (*terraform.NodeApplyableResourceInstance) needs provider["registry.terraform.io/kyma-incubator/kind"]
2022-10-03T14:15:48.839+0900 [DEBUG] ProviderTransformer: "module.kind.kind_cluster.sample (expand)" (*terraform.nodeExpandApplyableResource) needs provider["registry.terraform.io/kyma-incubator/kind"]
2022-10-03T14:15:48.839+0900 [DEBUG] ReferenceTransformer: "module.kind (close)" references: []
2022-10-03T14:15:48.840+0900 [DEBUG] ReferenceTransformer: "module.kind.kind_cluster.sample (expand)" references: []
2022-10-03T14:15:48.840+0900 [DEBUG] ReferenceTransformer: "module.kind.kind_cluster.sample" references: []
2022-10-03T14:15:48.840+0900 [DEBUG] ReferenceTransformer: "provider[\"registry.terraform.io/kyma-incubator/kind\"]" references: []
2022-10-03T14:15:48.840+0900 [DEBUG] ReferenceTransformer: "module.kind (expand)" references: []
2022-10-03T14:15:48.840+0900 [DEBUG] Starting graph walk: walkApply
2022-10-03T14:15:48.840+0900 [DEBUG] created provider logger: level=debug
2022-10-03T14:15:48.840+0900 [INFO]  provider: configuring client automatic mTLS
2022-10-03T14:15:48.847+0900 [DEBUG] provider: starting plugin: path=.terraform/providers/registry.terraform.io/kyma-incubator/kind/0.0.11/darwin_amd64/terraform-provider-kind args=[.terraform/providers/registry.terraform.io/kyma-incubator/kind/0.0.11/darwin_amd64/terraform-provider-kind]
2022-10-03T14:15:48.856+0900 [DEBUG] provider: plugin started: path=.terraform/providers/registry.terraform.io/kyma-incubator/kind/0.0.11/darwin_amd64/terraform-provider-kind pid=35891
2022-10-03T14:15:48.856+0900 [DEBUG] provider: waiting for RPC address: path=.terraform/providers/registry.terraform.io/kyma-incubator/kind/0.0.11/darwin_amd64/terraform-provider-kind
2022-10-03T14:15:48.896+0900 [INFO]  provider.terraform-provider-kind: configuring server automatic mTLS: timestamp=2022-10-03T14:15:48.896+0900
2022-10-03T14:15:48.935+0900 [DEBUG] provider: using plugin: version=5
2022-10-03T14:15:48.935+0900 [DEBUG] provider.terraform-provider-kind: plugin address: address=/var/folders/xy/l384hcrj0sb8c2t3vqwsy7br0000gn/T/plugin971742262 network=unix timestamp=2022-10-03T14:15:48.935+0900
2022-10-03T14:15:48.962+0900 [DEBUG] No provider meta schema returned
2022-10-03T14:15:48.975+0900 [INFO]  Starting apply for module.kind.kind_cluster.sample
2022-10-03T14:15:48.975+0900 [DEBUG] module.kind.kind_cluster.sample: applying the planned Create change
2022-10-03T14:15:48.977+0900 [DEBUG] provider.terraform-provider-kind: 2022/10/03 14:15:48 Creating local Kubernetes cluster...
2022-10-03T14:15:48.977+0900 [DEBUG] provider.terraform-provider-kind: 2022/10/03 14:15:48 Using defined node_image: kindest/node:v1.24.14
2022-10-03T14:15:48.977+0900 [DEBUG] provider.terraform-provider-kind: 2022/10/03 14:15:48 Will wait for cluster nodes to report ready: true
2022-10-03T14:15:48.977+0900 [DEBUG] provider.terraform-provider-kind: 2022/10/03 14:15:48 =================== Creating Kind Cluster ==================
2022-10-03T14:15:50.732+0900 [WARN]  unexpected data: registry.terraform.io/kyma-incubator/kind:stderr="Creating cluster "practice-cluster" ...
 • Ensuring node image (kindest/node:v1.24.14) 🖼  ..."
2022-10-03T14:16:19.485+0900 [WARN]  unexpected data: registry.terraform.io/kyma-incubator/kind:stderr="✗ Ensuring node image (kindest/node:v1.24.14) 🖼"
2022-10-03T14:16:19.667+0900 [ERROR] vertex "module.kind.kind_cluster.sample" error: failed to pull image "kindest/node:v1.24.14": command "docker pull kindest/node:v1.24.14" failed with error: exit status 1
2022-10-03T14:16:19.720+0900 [DEBUG] provider.stdio: received EOF, stopping recv loop: err="rpc error: code = Unavailable desc = error reading from server: EOF"
2022-10-03T14:16:19.724+0900 [DEBUG] provider: plugin process exited: path=.terraform/providers/registry.terraform.io/kyma-incubator/kind/0.0.11/darwin_amd64/terraform-provider-kind pid=35891
2022-10-03T14:16:19.732+0900 [DEBUG] provider: plugin exited
2022-10-03T14:18:20.675+0900 [INFO]  Terraform version: 1.3.1
2022-10-03T14:18:20.676+0900 [DEBUG] using github.com/hashicorp/go-tfe v1.9.0
2022-10-03T14:18:20.676+0900 [DEBUG] using github.com/hashicorp/hcl/v2 v2.14.1
2022-10-03T14:18:20.676+0900 [DEBUG] using github.com/hashicorp/terraform-config-inspect v0.0.0-20210209133302-4fd17a0faac2
2022-10-03T14:18:20.676+0900 [DEBUG] using github.com/hashicorp/terraform-svchost v0.0.0-20200729002733-f050f53b9734
2022-10-03T14:18:20.676+0900 [DEBUG] using github.com/zclconf/go-cty v1.11.0
2022-10-03T14:18:20.676+0900 [INFO]  Go runtime version: go1.19.1
2022-10-03T14:18:20.676+0900 [INFO]  CLI args: []string{"/usr/local/Cellar/tfenv/3.0.0/versions/1.3.1/terraform", "apply"}
2022-10-03T14:18:20.676+0900 [DEBUG] Attempting to open CLI config file: /Users/kyohei/.terraformrc
2022-10-03T14:18:20.676+0900 [DEBUG] File doesn't exist, but doesn't need to. Ignoring.
2022-10-03T14:18:20.676+0900 [INFO]  Loading CLI configuration from /Users/kyohei/.terraform.d/credentials.tfrc.json
2022-10-03T14:18:20.676+0900 [DEBUG] ignoring non-existing provider search directory terraform.d/plugins
2022-10-03T14:18:20.676+0900 [DEBUG] ignoring non-existing provider search directory /Users/kyohei/.terraform.d/plugins
2022-10-03T14:18:20.676+0900 [DEBUG] ignoring non-existing provider search directory /Users/kyohei/Library/Application Support/io.terraform/plugins
2022-10-03T14:18:20.676+0900 [DEBUG] ignoring non-existing provider search directory /Library/Application Support/io.terraform/plugins
2022-10-03T14:18:20.676+0900 [INFO]  CLI command args: []string{"apply"}
2022-10-03T14:18:20.677+0900 [DEBUG] New state was assigned lineage "1404dc20-2378-0ceb-470b-0b51c1dfc6d1"
2022-10-03T14:18:20.750+0900 [DEBUG] checking for provisioner in "."
2022-10-03T14:18:20.750+0900 [DEBUG] checking for provisioner in "/usr/local/Cellar/tfenv/3.0.0/versions/1.3.1"
2022-10-03T14:18:20.751+0900 [INFO]  backend/local: starting Apply operation
2022-10-03T14:18:20.755+0900 [DEBUG] created provider logger: level=debug
2022-10-03T14:18:20.755+0900 [INFO]  provider: configuring client automatic mTLS
2022-10-03T14:18:20.776+0900 [DEBUG] provider: starting plugin: path=.terraform/providers/registry.terraform.io/kyma-incubator/kind/0.0.11/darwin_amd64/terraform-provider-kind args=[.terraform/providers/registry.terraform.io/kyma-incubator/kind/0.0.11/darwin_amd64/terraform-provider-kind]
2022-10-03T14:18:20.782+0900 [DEBUG] provider: plugin started: path=.terraform/providers/registry.terraform.io/kyma-incubator/kind/0.0.11/darwin_amd64/terraform-provider-kind pid=36955
2022-10-03T14:18:20.782+0900 [DEBUG] provider: waiting for RPC address: path=.terraform/providers/registry.terraform.io/kyma-incubator/kind/0.0.11/darwin_amd64/terraform-provider-kind
2022-10-03T14:18:20.803+0900 [INFO]  provider.terraform-provider-kind: configuring server automatic mTLS: timestamp=2022-10-03T14:18:20.802+0900
2022-10-03T14:18:20.838+0900 [DEBUG] provider: using plugin: version=5
2022-10-03T14:18:20.838+0900 [DEBUG] provider.terraform-provider-kind: plugin address: address=/var/folders/xy/l384hcrj0sb8c2t3vqwsy7br0000gn/T/plugin795454758 network=unix timestamp=2022-10-03T14:18:20.838+0900
2022-10-03T14:18:20.868+0900 [DEBUG] No provider meta schema returned
2022-10-03T14:18:20.869+0900 [DEBUG] provider.stdio: received EOF, stopping recv loop: err="rpc error: code = Unavailable desc = error reading from server: EOF"
2022-10-03T14:18:20.870+0900 [DEBUG] provider: plugin process exited: path=.terraform/providers/registry.terraform.io/kyma-incubator/kind/0.0.11/darwin_amd64/terraform-provider-kind pid=36955
2022-10-03T14:18:20.870+0900 [DEBUG] provider: plugin exited
2022-10-03T14:18:20.870+0900 [DEBUG] Building and walking validate graph
2022-10-03T14:18:20.870+0900 [DEBUG] adding implicit provider configuration provider["registry.terraform.io/kyma-incubator/kind"], implied first by module.kind.kind_cluster.sample
2022-10-03T14:18:20.870+0900 [DEBUG] ProviderTransformer: "module.kind.kind_cluster.sample" (*terraform.NodeValidatableResource) needs provider["registry.terraform.io/kyma-incubator/kind"]
2022-10-03T14:18:20.870+0900 [DEBUG] ReferenceTransformer: "module.kind.kind_cluster.sample" references: []
2022-10-03T14:18:20.870+0900 [DEBUG] ReferenceTransformer: "provider[\"registry.terraform.io/kyma-incubator/kind\"]" references: []
2022-10-03T14:18:20.870+0900 [DEBUG] ReferenceTransformer: "module.kind (expand)" references: []
2022-10-03T14:18:20.870+0900 [DEBUG] ReferenceTransformer: "module.kind (close)" references: []
2022-10-03T14:18:20.871+0900 [DEBUG] Starting graph walk: walkValidate
2022-10-03T14:18:20.871+0900 [DEBUG] created provider logger: level=debug
2022-10-03T14:18:20.871+0900 [INFO]  provider: configuring client automatic mTLS
2022-10-03T14:18:20.878+0900 [DEBUG] provider: starting plugin: path=.terraform/providers/registry.terraform.io/kyma-incubator/kind/0.0.11/darwin_amd64/terraform-provider-kind args=[.terraform/providers/registry.terraform.io/kyma-incubator/kind/0.0.11/darwin_amd64/terraform-provider-kind]
2022-10-03T14:18:20.880+0900 [DEBUG] provider: plugin started: path=.terraform/providers/registry.terraform.io/kyma-incubator/kind/0.0.11/darwin_amd64/terraform-provider-kind pid=36956
2022-10-03T14:18:20.880+0900 [DEBUG] provider: waiting for RPC address: path=.terraform/providers/registry.terraform.io/kyma-incubator/kind/0.0.11/darwin_amd64/terraform-provider-kind
2022-10-03T14:18:20.896+0900 [INFO]  provider.terraform-provider-kind: configuring server automatic mTLS: timestamp=2022-10-03T14:18:20.895+0900
2022-10-03T14:18:20.931+0900 [DEBUG] provider: using plugin: version=5
2022-10-03T14:18:20.931+0900 [DEBUG] provider.terraform-provider-kind: plugin address: address=/var/folders/xy/l384hcrj0sb8c2t3vqwsy7br0000gn/T/plugin323665499 network=unix timestamp=2022-10-03T14:18:20.931+0900
2022-10-03T14:18:20.961+0900 [DEBUG] No provider meta schema returned
2022-10-03T14:18:20.963+0900 [DEBUG] provider.stdio: received EOF, stopping recv loop: err="rpc error: code = Unavailable desc = error reading from server: EOF"
2022-10-03T14:18:20.963+0900 [DEBUG] provider: plugin process exited: path=.terraform/providers/registry.terraform.io/kyma-incubator/kind/0.0.11/darwin_amd64/terraform-provider-kind pid=36956
2022-10-03T14:18:20.963+0900 [DEBUG] provider: plugin exited
2022-10-03T14:18:20.963+0900 [INFO]  backend/local: apply calling Plan
2022-10-03T14:18:20.963+0900 [DEBUG] Building and walking plan graph for NormalMode
2022-10-03T14:18:20.964+0900 [DEBUG] adding implicit provider configuration provider["registry.terraform.io/kyma-incubator/kind"], implied first by module.kind.kind_cluster.sample (expand)
2022-10-03T14:18:20.964+0900 [DEBUG] ProviderTransformer: "module.kind.kind_cluster.sample (expand)" (*terraform.nodeExpandPlannableResource) needs provider["registry.terraform.io/kyma-incubator/kind"]
2022-10-03T14:18:20.964+0900 [DEBUG] ReferenceTransformer: "module.kind.kind_cluster.sample (expand)" references: []
2022-10-03T14:18:20.964+0900 [DEBUG] ReferenceTransformer: "provider[\"registry.terraform.io/kyma-incubator/kind\"]" references: []
2022-10-03T14:18:20.964+0900 [DEBUG] ReferenceTransformer: "module.kind (expand)" references: []
2022-10-03T14:18:20.964+0900 [DEBUG] ReferenceTransformer: "module.kind (close)" references: []
2022-10-03T14:18:20.964+0900 [DEBUG] Starting graph walk: walkPlan
2022-10-03T14:18:20.964+0900 [DEBUG] created provider logger: level=debug
2022-10-03T14:18:20.964+0900 [INFO]  provider: configuring client automatic mTLS
2022-10-03T14:18:20.971+0900 [DEBUG] provider: starting plugin: path=.terraform/providers/registry.terraform.io/kyma-incubator/kind/0.0.11/darwin_amd64/terraform-provider-kind args=[.terraform/providers/registry.terraform.io/kyma-incubator/kind/0.0.11/darwin_amd64/terraform-provider-kind]
2022-10-03T14:18:20.975+0900 [DEBUG] provider: plugin started: path=.terraform/providers/registry.terraform.io/kyma-incubator/kind/0.0.11/darwin_amd64/terraform-provider-kind pid=36957
2022-10-03T14:18:20.975+0900 [DEBUG] provider: waiting for RPC address: path=.terraform/providers/registry.terraform.io/kyma-incubator/kind/0.0.11/darwin_amd64/terraform-provider-kind
2022-10-03T14:18:20.993+0900 [INFO]  provider.terraform-provider-kind: configuring server automatic mTLS: timestamp=2022-10-03T14:18:20.993+0900
2022-10-03T14:18:21.035+0900 [DEBUG] provider.terraform-provider-kind: plugin address: network=unix address=/var/folders/xy/l384hcrj0sb8c2t3vqwsy7br0000gn/T/plugin522987920 timestamp=2022-10-03T14:18:21.034+0900
2022-10-03T14:18:21.035+0900 [DEBUG] provider: using plugin: version=5
2022-10-03T14:18:21.063+0900 [DEBUG] No provider meta schema returned
2022-10-03T14:18:21.064+0900 [DEBUG] Resource instance state not found for node "module.kind.kind_cluster.sample", instance module.kind.kind_cluster.sample
2022-10-03T14:18:21.064+0900 [DEBUG] ReferenceTransformer: "module.kind.kind_cluster.sample" references: []
2022-10-03T14:18:21.064+0900 [DEBUG] refresh: module.kind.kind_cluster.sample: no state, so not refreshing
2022-10-03T14:18:21.067+0900 [DEBUG] provider.stdio: received EOF, stopping recv loop: err="rpc error: code = Unavailable desc = error reading from server: EOF"
2022-10-03T14:18:21.068+0900 [DEBUG] provider: plugin process exited: path=.terraform/providers/registry.terraform.io/kyma-incubator/kind/0.0.11/darwin_amd64/terraform-provider-kind pid=36957
2022-10-03T14:18:21.068+0900 [DEBUG] provider: plugin exited
2022-10-03T14:18:21.069+0900 [DEBUG] building apply graph to check for errors
2022-10-03T14:18:21.069+0900 [DEBUG] Resource state not found for node "module.kind.kind_cluster.sample", instance module.kind.kind_cluster.sample
2022-10-03T14:18:21.069+0900 [DEBUG] adding implicit provider configuration provider["registry.terraform.io/kyma-incubator/kind"], implied first by module.kind.kind_cluster.sample
2022-10-03T14:18:21.069+0900 [DEBUG] ProviderTransformer: "module.kind.kind_cluster.sample (expand)" (*terraform.nodeExpandApplyableResource) needs provider["registry.terraform.io/kyma-incubator/kind"]
2022-10-03T14:18:21.069+0900 [DEBUG] ProviderTransformer: "module.kind.kind_cluster.sample" (*terraform.NodeApplyableResourceInstance) needs provider["registry.terraform.io/kyma-incubator/kind"]
2022-10-03T14:18:21.069+0900 [DEBUG] ReferenceTransformer: "module.kind.kind_cluster.sample (expand)" references: []
2022-10-03T14:18:21.069+0900 [DEBUG] ReferenceTransformer: "module.kind.kind_cluster.sample" references: []
2022-10-03T14:18:21.069+0900 [DEBUG] ReferenceTransformer: "provider[\"registry.terraform.io/kyma-incubator/kind\"]" references: []
2022-10-03T14:18:21.069+0900 [DEBUG] ReferenceTransformer: "module.kind (expand)" references: []
2022-10-03T14:18:21.069+0900 [DEBUG] ReferenceTransformer: "module.kind (close)" references: []
2022-10-03T14:18:21.073+0900 [DEBUG] command: asking for input: "\nDo you want to perform these actions?"
2022-10-03T14:18:22.365+0900 [INFO]  backend/local: apply calling Apply
2022-10-03T14:18:22.365+0900 [DEBUG] Building and walking apply graph for NormalMode plan
2022-10-03T14:18:22.366+0900 [DEBUG] Resource state not found for node "module.kind.kind_cluster.sample", instance module.kind.kind_cluster.sample
2022-10-03T14:18:22.366+0900 [DEBUG] adding implicit provider configuration provider["registry.terraform.io/kyma-incubator/kind"], implied first by module.kind.kind_cluster.sample (expand)
2022-10-03T14:18:22.366+0900 [DEBUG] ProviderTransformer: "module.kind.kind_cluster.sample (expand)" (*terraform.nodeExpandApplyableResource) needs provider["registry.terraform.io/kyma-incubator/kind"]
2022-10-03T14:18:22.366+0900 [DEBUG] ProviderTransformer: "module.kind.kind_cluster.sample" (*terraform.NodeApplyableResourceInstance) needs provider["registry.terraform.io/kyma-incubator/kind"]
2022-10-03T14:18:22.366+0900 [DEBUG] ReferenceTransformer: "module.kind.kind_cluster.sample (expand)" references: []
2022-10-03T14:18:22.366+0900 [DEBUG] ReferenceTransformer: "module.kind.kind_cluster.sample" references: []
2022-10-03T14:18:22.366+0900 [DEBUG] ReferenceTransformer: "provider[\"registry.terraform.io/kyma-incubator/kind\"]" references: []
2022-10-03T14:18:22.366+0900 [DEBUG] ReferenceTransformer: "module.kind (expand)" references: []
2022-10-03T14:18:22.366+0900 [DEBUG] ReferenceTransformer: "module.kind (close)" references: []
2022-10-03T14:18:22.366+0900 [DEBUG] Starting graph walk: walkApply
2022-10-03T14:18:22.367+0900 [DEBUG] created provider logger: level=debug
2022-10-03T14:18:22.367+0900 [INFO]  provider: configuring client automatic mTLS
2022-10-03T14:18:22.375+0900 [DEBUG] provider: starting plugin: path=.terraform/providers/registry.terraform.io/kyma-incubator/kind/0.0.11/darwin_amd64/terraform-provider-kind args=[.terraform/providers/registry.terraform.io/kyma-incubator/kind/0.0.11/darwin_amd64/terraform-provider-kind]
2022-10-03T14:18:22.381+0900 [DEBUG] provider: plugin started: path=.terraform/providers/registry.terraform.io/kyma-incubator/kind/0.0.11/darwin_amd64/terraform-provider-kind pid=36975
2022-10-03T14:18:22.381+0900 [DEBUG] provider: waiting for RPC address: path=.terraform/providers/registry.terraform.io/kyma-incubator/kind/0.0.11/darwin_amd64/terraform-provider-kind
2022-10-03T14:18:22.419+0900 [INFO]  provider.terraform-provider-kind: configuring server automatic mTLS: timestamp=2022-10-03T14:18:22.419+0900
2022-10-03T14:18:22.457+0900 [DEBUG] provider: using plugin: version=5
2022-10-03T14:18:22.457+0900 [DEBUG] provider.terraform-provider-kind: plugin address: address=/var/folders/xy/l384hcrj0sb8c2t3vqwsy7br0000gn/T/plugin714532010 network=unix timestamp=2022-10-03T14:18:22.457+0900
2022-10-03T14:18:22.484+0900 [DEBUG] No provider meta schema returned
2022-10-03T14:18:22.490+0900 [INFO]  Starting apply for module.kind.kind_cluster.sample
2022-10-03T14:18:22.490+0900 [DEBUG] module.kind.kind_cluster.sample: applying the planned Create change
2022-10-03T14:18:22.491+0900 [DEBUG] provider.terraform-provider-kind: 2022/10/03 14:18:22 Creating local Kubernetes cluster...
2022-10-03T14:18:22.491+0900 [DEBUG] provider.terraform-provider-kind: 2022/10/03 14:18:22 Using defined node_image: kindest/node:v1.25.2
2022-10-03T14:18:22.491+0900 [DEBUG] provider.terraform-provider-kind: 2022/10/03 14:18:22 Will wait for cluster nodes to report ready: true
2022-10-03T14:18:22.491+0900 [DEBUG] provider.terraform-provider-kind: 2022/10/03 14:18:22 =================== Creating Kind Cluster ==================
2022-10-03T14:18:24.863+0900 [WARN]  unexpected data: registry.terraform.io/kyma-incubator/kind:stderr="Creating cluster "practice-cluster" ...
 • Ensuring node image (kindest/node:v1.25.2) 🖼  ..."
2022-10-03T14:19:40.168+0900 [WARN]  unexpected data: registry.terraform.io/kyma-incubator/kind:stderr="✓ Ensuring node image (kindest/node:v1.25.2) 🖼
 • Preparing nodes 📦   ..."
2022-10-03T14:19:44.853+0900 [WARN]  unexpected data: registry.terraform.io/kyma-incubator/kind:stderr="✓ Preparing nodes 📦"
2022-10-03T14:19:45.054+0900 [WARN]  unexpected data: registry.terraform.io/kyma-incubator/kind:stderr="• Writing configuration 📜  ..."
2022-10-03T14:19:46.608+0900 [WARN]  unexpected data: registry.terraform.io/kyma-incubator/kind:stderr="✓ Writing configuration 📜
 • Starting control-plane 🕹️  ..."
2022-10-03T14:23:50.866+0900 [WARN]  unexpected data: registry.terraform.io/kyma-incubator/kind:stderr="✗ Starting control-plane 🕹️"
2022-10-03T14:23:51.970+0900 [ERROR] vertex "module.kind.kind_cluster.sample" error: failed to init node with kubeadm: command "docker exec --privileged practice-cluster-control-plane kubeadm init --skip-phases=preflight --config=/kind/kubeadm.conf --skip-token-print --v=6" failed with error: exit status 1
2022-10-03T14:23:52.033+0900 [DEBUG] provider.stdio: received EOF, stopping recv loop: err="rpc error: code = Unavailable desc = error reading from server: EOF"
2022-10-03T14:23:52.035+0900 [DEBUG] provider: plugin process exited: path=.terraform/providers/registry.terraform.io/kyma-incubator/kind/0.0.11/darwin_amd64/terraform-provider-kind pid=36975
2022-10-03T14:23:52.035+0900 [DEBUG] provider: plugin exited
2022-10-21T14:39:59.198+0900 [INFO]  Terraform version: 1.3.1
2022-10-21T14:39:59.201+0900 [DEBUG] using github.com/hashicorp/go-tfe v1.9.0
2022-10-21T14:39:59.201+0900 [DEBUG] using github.com/hashicorp/hcl/v2 v2.14.1
2022-10-21T14:39:59.201+0900 [DEBUG] using github.com/hashicorp/terraform-config-inspect v0.0.0-20210209133302-4fd17a0faac2
2022-10-21T14:39:59.201+0900 [DEBUG] using github.com/hashicorp/terraform-svchost v0.0.0-20200729002733-f050f53b9734
2022-10-21T14:39:59.201+0900 [DEBUG] using github.com/zclconf/go-cty v1.11.0
2022-10-21T14:39:59.201+0900 [INFO]  Go runtime version: go1.19.1
2022-10-21T14:39:59.201+0900 [INFO]  CLI args: []string{"/usr/local/Cellar/tfenv/3.0.0/versions/1.3.1/terraform", "apply"}
2022-10-21T14:39:59.209+0900 [DEBUG] Attempting to open CLI config file: /Users/kyohei/.terraformrc
2022-10-21T14:39:59.209+0900 [DEBUG] File doesn't exist, but doesn't need to. Ignoring.
2022-10-21T14:39:59.209+0900 [INFO]  Loading CLI configuration from /Users/kyohei/.terraform.d/credentials.tfrc.json
2022-10-21T14:39:59.218+0900 [DEBUG] ignoring non-existing provider search directory terraform.d/plugins
2022-10-21T14:39:59.218+0900 [DEBUG] ignoring non-existing provider search directory /Users/kyohei/.terraform.d/plugins
2022-10-21T14:39:59.218+0900 [DEBUG] ignoring non-existing provider search directory /Users/kyohei/Library/Application Support/io.terraform/plugins
2022-10-21T14:39:59.218+0900 [DEBUG] ignoring non-existing provider search directory /Library/Application Support/io.terraform/plugins
2022-10-21T14:39:59.246+0900 [INFO]  CLI command args: []string{"apply"}
2022-10-21T14:39:59.287+0900 [DEBUG] New state was assigned lineage "609e4a58-7ff2-f6d1-d271-db8893b4a302"
2022-10-21T14:39:59.433+0900 [DEBUG] checking for provisioner in "."
2022-10-21T14:39:59.433+0900 [DEBUG] checking for provisioner in "/usr/local/Cellar/tfenv/3.0.0/versions/1.3.1"
2022-10-21T14:39:59.487+0900 [INFO]  backend/local: starting Apply operation
2022-10-21T14:39:59.554+0900 [DEBUG] created provider logger: level=debug
2022-10-21T14:39:59.555+0900 [INFO]  provider: configuring client automatic mTLS
2022-10-21T14:39:59.581+0900 [DEBUG] provider: starting plugin: path=.terraform/providers/registry.terraform.io/kyma-incubator/kind/0.0.11/darwin_amd64/terraform-provider-kind args=[.terraform/providers/registry.terraform.io/kyma-incubator/kind/0.0.11/darwin_amd64/terraform-provider-kind]
2022-10-21T14:39:59.585+0900 [DEBUG] provider: plugin started: path=.terraform/providers/registry.terraform.io/kyma-incubator/kind/0.0.11/darwin_amd64/terraform-provider-kind pid=71018
2022-10-21T14:39:59.586+0900 [DEBUG] provider: waiting for RPC address: path=.terraform/providers/registry.terraform.io/kyma-incubator/kind/0.0.11/darwin_amd64/terraform-provider-kind
2022-10-21T14:39:59.604+0900 [INFO]  provider.terraform-provider-kind: configuring server automatic mTLS: timestamp=2022-10-21T14:39:59.603+0900
2022-10-21T14:39:59.643+0900 [DEBUG] provider: using plugin: version=5
2022-10-21T14:39:59.644+0900 [DEBUG] provider.terraform-provider-kind: plugin address: address=/var/folders/xy/l384hcrj0sb8c2t3vqwsy7br0000gn/T/plugin909960313 network=unix timestamp=2022-10-21T14:39:59.643+0900
2022-10-21T14:39:59.757+0900 [DEBUG] No provider meta schema returned
2022-10-21T14:39:59.758+0900 [DEBUG] provider.stdio: received EOF, stopping recv loop: err="rpc error: code = Unavailable desc = error reading from server: EOF"
2022-10-21T14:39:59.760+0900 [DEBUG] provider: plugin process exited: path=.terraform/providers/registry.terraform.io/kyma-incubator/kind/0.0.11/darwin_amd64/terraform-provider-kind pid=71018
2022-10-21T14:39:59.760+0900 [DEBUG] provider: plugin exited
2022-10-21T14:39:59.764+0900 [DEBUG] Building and walking validate graph
2022-10-21T14:39:59.774+0900 [DEBUG] adding implicit provider configuration provider["registry.terraform.io/kyma-incubator/kind"], implied first by module.kind.kind_cluster.sample
2022-10-21T14:39:59.775+0900 [DEBUG] ProviderTransformer: "module.kind.kind_cluster.sample" (*terraform.NodeValidatableResource) needs provider["registry.terraform.io/kyma-incubator/kind"]
2022-10-21T14:39:59.775+0900 [DEBUG] ReferenceTransformer: "provider[\"registry.terraform.io/kyma-incubator/kind\"]" references: []
2022-10-21T14:39:59.775+0900 [DEBUG] ReferenceTransformer: "module.kind (expand)" references: []
2022-10-21T14:39:59.775+0900 [DEBUG] ReferenceTransformer: "module.kind (close)" references: []
2022-10-21T14:39:59.776+0900 [DEBUG] ReferenceTransformer: "module.kind.kind_cluster.sample" references: []
2022-10-21T14:39:59.777+0900 [DEBUG] Starting graph walk: walkValidate
2022-10-21T14:39:59.800+0900 [DEBUG] created provider logger: level=debug
2022-10-21T14:39:59.800+0900 [INFO]  provider: configuring client automatic mTLS
2022-10-21T14:39:59.812+0900 [DEBUG] provider: starting plugin: path=.terraform/providers/registry.terraform.io/kyma-incubator/kind/0.0.11/darwin_amd64/terraform-provider-kind args=[.terraform/providers/registry.terraform.io/kyma-incubator/kind/0.0.11/darwin_amd64/terraform-provider-kind]
2022-10-21T14:39:59.815+0900 [DEBUG] provider: plugin started: path=.terraform/providers/registry.terraform.io/kyma-incubator/kind/0.0.11/darwin_amd64/terraform-provider-kind pid=71019
2022-10-21T14:39:59.815+0900 [DEBUG] provider: waiting for RPC address: path=.terraform/providers/registry.terraform.io/kyma-incubator/kind/0.0.11/darwin_amd64/terraform-provider-kind
2022-10-21T14:39:59.831+0900 [INFO]  provider.terraform-provider-kind: configuring server automatic mTLS: timestamp=2022-10-21T14:39:59.831+0900
2022-10-21T14:39:59.872+0900 [DEBUG] provider: using plugin: version=5
2022-10-21T14:39:59.872+0900 [DEBUG] provider.terraform-provider-kind: plugin address: address=/var/folders/xy/l384hcrj0sb8c2t3vqwsy7br0000gn/T/plugin308566422 network=unix timestamp=2022-10-21T14:39:59.872+0900
2022-10-21T14:39:59.926+0900 [DEBUG] No provider meta schema returned
2022-10-21T14:39:59.929+0900 [DEBUG] provider.stdio: received EOF, stopping recv loop: err="rpc error: code = Unavailable desc = error reading from server: EOF"
2022-10-21T14:39:59.929+0900 [DEBUG] provider: plugin process exited: path=.terraform/providers/registry.terraform.io/kyma-incubator/kind/0.0.11/darwin_amd64/terraform-provider-kind pid=71019
2022-10-21T14:39:59.929+0900 [DEBUG] provider: plugin exited
2022-10-21T14:39:59.930+0900 [INFO]  backend/local: apply calling Plan
2022-10-21T14:39:59.930+0900 [DEBUG] Building and walking plan graph for NormalMode
2022-10-21T14:39:59.936+0900 [DEBUG] adding implicit provider configuration provider["registry.terraform.io/kyma-incubator/kind"], implied first by module.kind.kind_cluster.sample (expand)
2022-10-21T14:39:59.936+0900 [DEBUG] ProviderTransformer: "module.kind.kind_cluster.sample (expand)" (*terraform.nodeExpandPlannableResource) needs provider["registry.terraform.io/kyma-incubator/kind"]
2022-10-21T14:39:59.936+0900 [DEBUG] ReferenceTransformer: "module.kind (close)" references: []
2022-10-21T14:39:59.936+0900 [DEBUG] ReferenceTransformer: "module.kind.kind_cluster.sample (expand)" references: []
2022-10-21T14:39:59.936+0900 [DEBUG] ReferenceTransformer: "provider[\"registry.terraform.io/kyma-incubator/kind\"]" references: []
2022-10-21T14:39:59.936+0900 [DEBUG] ReferenceTransformer: "module.kind (expand)" references: []
2022-10-21T14:39:59.937+0900 [DEBUG] Starting graph walk: walkPlan
2022-10-21T14:39:59.937+0900 [DEBUG] created provider logger: level=debug
2022-10-21T14:39:59.937+0900 [INFO]  provider: configuring client automatic mTLS
2022-10-21T14:39:59.944+0900 [DEBUG] provider: starting plugin: path=.terraform/providers/registry.terraform.io/kyma-incubator/kind/0.0.11/darwin_amd64/terraform-provider-kind args=[.terraform/providers/registry.terraform.io/kyma-incubator/kind/0.0.11/darwin_amd64/terraform-provider-kind]
2022-10-21T14:39:59.949+0900 [DEBUG] provider: plugin started: path=.terraform/providers/registry.terraform.io/kyma-incubator/kind/0.0.11/darwin_amd64/terraform-provider-kind pid=71020
2022-10-21T14:39:59.949+0900 [DEBUG] provider: waiting for RPC address: path=.terraform/providers/registry.terraform.io/kyma-incubator/kind/0.0.11/darwin_amd64/terraform-provider-kind
2022-10-21T14:39:59.964+0900 [INFO]  provider.terraform-provider-kind: configuring server automatic mTLS: timestamp=2022-10-21T14:39:59.964+0900
2022-10-21T14:40:00.027+0900 [DEBUG] provider.terraform-provider-kind: plugin address: address=/var/folders/xy/l384hcrj0sb8c2t3vqwsy7br0000gn/T/plugin106626075 network=unix timestamp=2022-10-21T14:40:00.026+0900
2022-10-21T14:40:00.027+0900 [DEBUG] provider: using plugin: version=5
2022-10-21T14:40:00.067+0900 [DEBUG] No provider meta schema returned
2022-10-21T14:40:00.076+0900 [DEBUG] Resource instance state not found for node "module.kind.kind_cluster.sample", instance module.kind.kind_cluster.sample
2022-10-21T14:40:00.076+0900 [DEBUG] ReferenceTransformer: "module.kind.kind_cluster.sample" references: []
2022-10-21T14:40:00.076+0900 [DEBUG] refresh: module.kind.kind_cluster.sample: no state, so not refreshing
2022-10-21T14:40:00.089+0900 [DEBUG] provider.stdio: received EOF, stopping recv loop: err="rpc error: code = Unavailable desc = error reading from server: EOF"
2022-10-21T14:40:00.090+0900 [DEBUG] provider: plugin process exited: path=.terraform/providers/registry.terraform.io/kyma-incubator/kind/0.0.11/darwin_amd64/terraform-provider-kind pid=71020
2022-10-21T14:40:00.090+0900 [DEBUG] provider: plugin exited
2022-10-21T14:40:00.093+0900 [DEBUG] building apply graph to check for errors
2022-10-21T14:40:00.093+0900 [DEBUG] Resource state not found for node "module.kind.kind_cluster.sample", instance module.kind.kind_cluster.sample
2022-10-21T14:40:00.094+0900 [DEBUG] adding implicit provider configuration provider["registry.terraform.io/kyma-incubator/kind"], implied first by module.kind.kind_cluster.sample (expand)
2022-10-21T14:40:00.094+0900 [DEBUG] ProviderTransformer: "module.kind.kind_cluster.sample (expand)" (*terraform.nodeExpandApplyableResource) needs provider["registry.terraform.io/kyma-incubator/kind"]
2022-10-21T14:40:00.094+0900 [DEBUG] ProviderTransformer: "module.kind.kind_cluster.sample" (*terraform.NodeApplyableResourceInstance) needs provider["registry.terraform.io/kyma-incubator/kind"]
2022-10-21T14:40:00.094+0900 [DEBUG] ReferenceTransformer: "module.kind (expand)" references: []
2022-10-21T14:40:00.094+0900 [DEBUG] ReferenceTransformer: "module.kind (close)" references: []
2022-10-21T14:40:00.094+0900 [DEBUG] ReferenceTransformer: "module.kind.kind_cluster.sample (expand)" references: []
2022-10-21T14:40:00.094+0900 [DEBUG] ReferenceTransformer: "module.kind.kind_cluster.sample" references: []
2022-10-21T14:40:00.094+0900 [DEBUG] ReferenceTransformer: "provider[\"registry.terraform.io/kyma-incubator/kind\"]" references: []
2022-10-21T14:40:00.114+0900 [DEBUG] command: asking for input: "\nDo you want to perform these actions?"
2022-10-21T14:40:49.243+0900 [INFO]  backend/local: apply calling Apply
2022-10-21T14:40:49.243+0900 [DEBUG] Building and walking apply graph for NormalMode plan
2022-10-21T14:40:49.243+0900 [DEBUG] Resource state not found for node "module.kind.kind_cluster.sample", instance module.kind.kind_cluster.sample
2022-10-21T14:40:49.243+0900 [DEBUG] adding implicit provider configuration provider["registry.terraform.io/kyma-incubator/kind"], implied first by module.kind.kind_cluster.sample (expand)
2022-10-21T14:40:49.252+0900 [DEBUG] ProviderTransformer: "module.kind.kind_cluster.sample (expand)" (*terraform.nodeExpandApplyableResource) needs provider["registry.terraform.io/kyma-incubator/kind"]
2022-10-21T14:40:49.252+0900 [DEBUG] ProviderTransformer: "module.kind.kind_cluster.sample" (*terraform.NodeApplyableResourceInstance) needs provider["registry.terraform.io/kyma-incubator/kind"]
2022-10-21T14:40:49.252+0900 [DEBUG] ReferenceTransformer: "module.kind.kind_cluster.sample (expand)" references: []
2022-10-21T14:40:49.252+0900 [DEBUG] ReferenceTransformer: "module.kind.kind_cluster.sample" references: []
2022-10-21T14:40:49.252+0900 [DEBUG] ReferenceTransformer: "provider[\"registry.terraform.io/kyma-incubator/kind\"]" references: []
2022-10-21T14:40:49.252+0900 [DEBUG] ReferenceTransformer: "module.kind (expand)" references: []
2022-10-21T14:40:49.252+0900 [DEBUG] ReferenceTransformer: "module.kind (close)" references: []
2022-10-21T14:40:49.253+0900 [DEBUG] Starting graph walk: walkApply
2022-10-21T14:40:49.253+0900 [DEBUG] created provider logger: level=debug
2022-10-21T14:40:49.253+0900 [INFO]  provider: configuring client automatic mTLS
2022-10-21T14:40:49.261+0900 [DEBUG] provider: starting plugin: path=.terraform/providers/registry.terraform.io/kyma-incubator/kind/0.0.11/darwin_amd64/terraform-provider-kind args=[.terraform/providers/registry.terraform.io/kyma-incubator/kind/0.0.11/darwin_amd64/terraform-provider-kind]
2022-10-21T14:40:49.268+0900 [DEBUG] provider: plugin started: path=.terraform/providers/registry.terraform.io/kyma-incubator/kind/0.0.11/darwin_amd64/terraform-provider-kind pid=71034
2022-10-21T14:40:49.269+0900 [DEBUG] provider: waiting for RPC address: path=.terraform/providers/registry.terraform.io/kyma-incubator/kind/0.0.11/darwin_amd64/terraform-provider-kind
2022-10-21T14:40:49.556+0900 [INFO]  provider.terraform-provider-kind: configuring server automatic mTLS: timestamp=2022-10-21T14:40:49.556+0900
2022-10-21T14:40:49.597+0900 [DEBUG] provider: using plugin: version=5
2022-10-21T14:40:49.597+0900 [DEBUG] provider.terraform-provider-kind: plugin address: network=unix address=/var/folders/xy/l384hcrj0sb8c2t3vqwsy7br0000gn/T/plugin458409161 timestamp=2022-10-21T14:40:49.597+0900
2022-10-21T14:40:49.644+0900 [DEBUG] No provider meta schema returned
2022-10-21T14:40:49.662+0900 [INFO]  Starting apply for module.kind.kind_cluster.sample
2022-10-21T14:40:49.662+0900 [DEBUG] module.kind.kind_cluster.sample: applying the planned Create change
2022-10-21T14:40:49.665+0900 [DEBUG] provider.terraform-provider-kind: 2022/10/21 14:40:49 Creating local Kubernetes cluster...
2022-10-21T14:40:49.665+0900 [DEBUG] provider.terraform-provider-kind: 2022/10/21 14:40:49 Using defined node_image: kindest/node:v1.25.2
2022-10-21T14:40:49.665+0900 [DEBUG] provider.terraform-provider-kind: 2022/10/21 14:40:49 Will wait for cluster nodes to report ready: true
2022-10-21T14:40:49.665+0900 [DEBUG] provider.terraform-provider-kind: 2022/10/21 14:40:49 =================== Creating Kind Cluster ==================
2022-10-21T14:40:52.443+0900 [WARN]  unexpected data: registry.terraform.io/kyma-incubator/kind:stderr="Creating cluster "practice-cluster" ...
 • Ensuring node image (kindest/node:v1.25.2) 🖼  ..."
2022-10-21T14:40:52.644+0900 [WARN]  unexpected data: registry.terraform.io/kyma-incubator/kind:stderr="✓ Ensuring node image (kindest/node:v1.25.2) 🖼
 • Preparing nodes 📦   ..."
2022-10-21T14:40:59.400+0900 [WARN]  unexpected data: registry.terraform.io/kyma-incubator/kind:stderr="✓ Preparing nodes 📦"
2022-10-21T14:40:59.676+0900 [WARN]  unexpected data: registry.terraform.io/kyma-incubator/kind:stderr="• Writing configuration 📜  ..."
2022-10-21T14:41:01.275+0900 [WARN]  unexpected data: registry.terraform.io/kyma-incubator/kind:stderr="✓ Writing configuration 📜
 • Starting control-plane 🕹️  ..."
2022-10-21T14:45:08.258+0900 [WARN]  unexpected data: registry.terraform.io/kyma-incubator/kind:stderr="✗ Starting control-plane 🕹️"
2022-10-21T14:45:09.447+0900 [ERROR] vertex "module.kind.kind_cluster.sample" error: failed to init node with kubeadm: command "docker exec --privileged practice-cluster-control-plane kubeadm init --skip-phases=preflight --config=/kind/kubeadm.conf --skip-token-print --v=6" failed with error: exit status 1
2022-10-21T14:45:09.487+0900 [DEBUG] provider.stdio: received EOF, stopping recv loop: err="rpc error: code = Unavailable desc = error reading from server: EOF"
2022-10-21T14:45:09.488+0900 [DEBUG] provider: plugin process exited: path=.terraform/providers/registry.terraform.io/kyma-incubator/kind/0.0.11/darwin_amd64/terraform-provider-kind pid=71034
2022-10-21T14:45:09.488+0900 [DEBUG] provider: plugin exited
